<html>
<head>
<title>TestNG:  BuyProductTest</title>
<link href="../testng.css" rel="stylesheet" type="text/css" />
<link href="../my-testng.css" rel="stylesheet" type="text/css" />

<style type="text/css">
.log { display: none;} 
.stack-trace { display: none;} 
</style>
<script type="text/javascript">
<!--
function flip(e) {
  current = e.style.display;
  if (current == 'block') {
    e.style.display = 'none';
    return 0;
  }
  else {
    e.style.display = 'block';
    return 1;
  }
}

function toggleBox(szDivId, elem, msg1, msg2)
{
  var res = -1;  if (document.getElementById) {
    res = flip(document.getElementById(szDivId));
  }
  else if (document.all) {
    // this is the way old msie versions work
    res = flip(document.all[szDivId]);
  }
  if(elem) {
    if(res == 0) elem.innerHTML = msg1; else elem.innerHTML = msg2;
  }

}

function toggleAllBoxes() {
  if (document.getElementsByTagName) {
    d = document.getElementsByTagName('div');
    for (i = 0; i < d.length; i++) {
      if (d[i].className == 'log') {
        flip(d[i]);
      }
    }
  }
}

// -->
</script>

</head>
<body>
<h2 align='center'>BuyProductTest</h2><table border='1' align="center">
<tr>
<td>Tests passed/Failed/Skipped:</td><td>8/1/3</td>
</tr><tr>
<td>Started on:</td><td>Tue Aug 06 17:57:28 IST 2024</td>
</tr>
<tr><td>Total time:</td><td>59 seconds (59177 ms)</td>
</tr><tr>
<td>Included groups:</td><td></td>
</tr><tr>
<td>Excluded groups:</td><td></td>
</tr>
</table><p/>
<small><i>(Hover the method name to see the test class name)</i></small><p/>
<table width='100%' border='1' class='invocation-failed'>
<tr><td colspan='4' align='center'><b>FAILED TESTS</b></td></tr>
<tr><td><b>Test method</b></td>
<td><b>Attribute(s)</b></td>
<td width="30%"><b>Exception</b></td>
<td width="10%"><b>Time (seconds)</b></td>
<td><b>Instance</b></td>
</tr>
<tr>
<td title='com.demoApp.testCases.BuyProductTest.placeOrderTest()'><b>placeOrderTest</b><br>Test class: com.demoApp.testCases.BuyProductTest</td>
<td><div><pre>org.openqa.selenium.ElementClickInterceptedException: element click intercepted: Element &lt;button class=&quot;action primary checkout&quot; type=&quot;submit&quot; data-bind=&quot;
                        click: placeOrder,
                        attr: {title: $t(&apos;Place Order&apos;)},
                        css: {disabled: !isPlaceOrderActionAllowed()},
                        enable: (getCode() == isChecked())
                        &quot; title=&quot;Place Order&quot; style=&quot;border: 2px solid yellow;&quot;&gt;...&lt;/button&gt; is not clickable at point (863, 350). Other element would receive the click: &lt;div class=&quot;billing-address-details&quot;&gt;...&lt;/div&gt;
  (Session info: MicrosoftEdge=127.0.2651.86)
Build info: version: &apos;4.22.0&apos;, revision: &apos;c5f3146703*&apos;
System info: os.name: &apos;Windows 11&apos;, os.arch: &apos;amd64&apos;, os.version: &apos;10.0&apos;, java.version: &apos;22.0.1&apos;
Driver info: org.openqa.selenium.edge.EdgeDriver
Command: [6703650dbd41e83ef86babba09dacbd2, clickElement {id=f.56537072A35E8B2CF9565FEDF5D8DE22.d.4C2BE84342AADC0E37B6933E17B4C28A.e.318}]
Capabilities {acceptInsecureCerts: false, browserName: MicrosoftEdge, browserVersion: 127.0.2651.86, fedcm:accounts: true, ms:edgeOptions: {debuggerAddress: localhost:54461}, msedge: {msedgedriverVersion: 127.0.2651.86 (ac31d8b82969..., userDataDir: C:\Users\admin\AppData\Loca...}, networkConnectionEnabled: false, pageLoadStrategy: normal, platformName: windows, proxy: Proxy(), se:cdp: ws://localhost:54461/devtoo..., se:cdpVersion: 127.0.2651.86, setWindowRect: true, strictFileInteractability: false, timeouts: {implicit: 0, pageLoad: 300000, script: 30000}, unhandledPromptBehavior: dismiss and notify, webauthn:extension:credBlob: true, webauthn:extension:largeBlob: true, webauthn:extension:minPinLength: true, webauthn:extension:prf: true, webauthn:virtualAuthenticators: true}
Element: [[EdgeDriver: MicrosoftEdge on windows (6703650dbd41e83ef86babba09dacbd2)] -&gt; xpath: //button[contains(@class,&apos;checkout&apos;)]]
Session ID: 6703650dbd41e83ef86babba09dacbd2
	at org.openqa.selenium.remote.ErrorCodec.decode(ErrorCodec.java:167)
	at org.openqa.selenium.remote.codec.w3c.W3CHttpResponseCodec.decode(W3CHttpResponseCodec.java:138)
	at org.openqa.selenium.remote.codec.w3c.W3CHttpResponseCodec.decode(W3CHttpResponseCodec.java:50)
	at org.openqa.selenium.remote.HttpCommandExecutor.execute(HttpCommandExecutor.java:190)
	at org.openqa.selenium.remote.service.DriverCommandExecutor.invokeExecute(DriverCommandExecutor.java:216)
	at org.openqa.selenium.remote.service.DriverCommandExecutor.execute(DriverCommandExecutor.java:174)
	at org.openqa.selenium.remote.RemoteWebDriver.execute(RemoteWebDriver.java:518)
	at org.openqa.selenium.remote.RemoteWebElement.execute(RemoteWebElement.java:223)
	at org.openqa.selenium.remote.RemoteWebElement.click(RemoteWebElement.java:76)
	at org.openqa.selenium.support.pagefactory.internal.LocatingElementHandler.invoke(LocatingElementHandler.java:51)
	at jdk.proxy2/jdk.proxy2.$Proxy30.click(Unknown Source)
	at com.demoApp.pageObject.CheckoutPage.clickPlaceOrderButton(CheckoutPage.java:122)
	at com.demoApp.testCases.BuyProductTest.placeOrderTest(BuyProductTest.java:161)
	at java.base/java.util.ArrayList.forEach(ArrayList.java:1597)
	at java.base/java.util.concurrent.FutureTask.run(FutureTask.java:317)
	at java.base/java.util.concurrent.ThreadPoolExecutor.runWorker(ThreadPoolExecutor.java:1144)
	at java.base/java.util.concurrent.ThreadPoolExecutor$Worker.run(ThreadPoolExecutor.java:642)
	at java.base/java.lang.Thread.run(Thread.java:1570)
... Removed 20 stack frames</pre></div><a href='#' onClick='toggleBox("stack-trace391482150", this, "Click to show all stack frames", "Click to hide stack frames")'>Click to show all stack frames</a>
<div class='stack-trace' id='stack-trace391482150'><pre>org.openqa.selenium.ElementClickInterceptedException: element click intercepted: Element &lt;button class=&quot;action primary checkout&quot; type=&quot;submit&quot; data-bind=&quot;
                        click: placeOrder,
                        attr: {title: $t(&apos;Place Order&apos;)},
                        css: {disabled: !isPlaceOrderActionAllowed()},
                        enable: (getCode() == isChecked())
                        &quot; title=&quot;Place Order&quot; style=&quot;border: 2px solid yellow;&quot;&gt;...&lt;/button&gt; is not clickable at point (863, 350). Other element would receive the click: &lt;div class=&quot;billing-address-details&quot;&gt;...&lt;/div&gt;
  (Session info: MicrosoftEdge=127.0.2651.86)
Build info: version: &apos;4.22.0&apos;, revision: &apos;c5f3146703*&apos;
System info: os.name: &apos;Windows 11&apos;, os.arch: &apos;amd64&apos;, os.version: &apos;10.0&apos;, java.version: &apos;22.0.1&apos;
Driver info: org.openqa.selenium.edge.EdgeDriver
Command: [6703650dbd41e83ef86babba09dacbd2, clickElement {id=f.56537072A35E8B2CF9565FEDF5D8DE22.d.4C2BE84342AADC0E37B6933E17B4C28A.e.318}]
Capabilities {acceptInsecureCerts: false, browserName: MicrosoftEdge, browserVersion: 127.0.2651.86, fedcm:accounts: true, ms:edgeOptions: {debuggerAddress: localhost:54461}, msedge: {msedgedriverVersion: 127.0.2651.86 (ac31d8b82969..., userDataDir: C:\Users\admin\AppData\Loca...}, networkConnectionEnabled: false, pageLoadStrategy: normal, platformName: windows, proxy: Proxy(), se:cdp: ws://localhost:54461/devtoo..., se:cdpVersion: 127.0.2651.86, setWindowRect: true, strictFileInteractability: false, timeouts: {implicit: 0, pageLoad: 300000, script: 30000}, unhandledPromptBehavior: dismiss and notify, webauthn:extension:credBlob: true, webauthn:extension:largeBlob: true, webauthn:extension:minPinLength: true, webauthn:extension:prf: true, webauthn:virtualAuthenticators: true}
Element: [[EdgeDriver: MicrosoftEdge on windows (6703650dbd41e83ef86babba09dacbd2)] -&gt; xpath: //button[contains(@class,&apos;checkout&apos;)]]
Session ID: 6703650dbd41e83ef86babba09dacbd2
	at java.base/jdk.internal.reflect.DirectConstructorHandleAccessor.newInstance(DirectConstructorHandleAccessor.java:62)
	at java.base/java.lang.reflect.Constructor.newInstanceWithCaller(Constructor.java:502)
	at java.base/java.lang.reflect.Constructor.newInstance(Constructor.java:486)
	at org.openqa.selenium.remote.ErrorCodec.decode(ErrorCodec.java:167)
	at org.openqa.selenium.remote.codec.w3c.W3CHttpResponseCodec.decode(W3CHttpResponseCodec.java:138)
	at org.openqa.selenium.remote.codec.w3c.W3CHttpResponseCodec.decode(W3CHttpResponseCodec.java:50)
	at org.openqa.selenium.remote.HttpCommandExecutor.execute(HttpCommandExecutor.java:190)
	at org.openqa.selenium.remote.service.DriverCommandExecutor.invokeExecute(DriverCommandExecutor.java:216)
	at org.openqa.selenium.remote.service.DriverCommandExecutor.execute(DriverCommandExecutor.java:174)
	at org.openqa.selenium.remote.RemoteWebDriver.execute(RemoteWebDriver.java:518)
	at org.openqa.selenium.remote.RemoteWebElement.execute(RemoteWebElement.java:223)
	at org.openqa.selenium.remote.RemoteWebElement.click(RemoteWebElement.java:76)
	at java.base/jdk.internal.reflect.DirectMethodHandleAccessor.invoke(DirectMethodHandleAccessor.java:103)
	at java.base/java.lang.reflect.Method.invoke(Method.java:580)
	at org.openqa.selenium.support.pagefactory.internal.LocatingElementHandler.invoke(LocatingElementHandler.java:51)
	at jdk.proxy2/jdk.proxy2.$Proxy30.click(Unknown Source)
	at com.demoApp.pageObject.CheckoutPage.clickPlaceOrderButton(CheckoutPage.java:122)
	at com.demoApp.testCases.BuyProductTest.placeOrderTest(BuyProductTest.java:161)
	at java.base/jdk.internal.reflect.DirectMethodHandleAccessor.invoke(DirectMethodHandleAccessor.java:103)
	at java.base/java.lang.reflect.Method.invoke(Method.java:580)
	at org.testng.internal.invokers.MethodInvocationHelper.invokeMethod(MethodInvocationHelper.java:141)
	at org.testng.internal.invokers.TestInvoker.invokeMethod(TestInvoker.java:686)
	at org.testng.internal.invokers.TestInvoker.invokeTestMethod(TestInvoker.java:230)
	at org.testng.internal.invokers.MethodRunner.runInSequence(MethodRunner.java:63)
	at org.testng.internal.invokers.TestInvoker$MethodInvocationAgent.invoke(TestInvoker.java:992)
	at org.testng.internal.invokers.TestInvoker.invokeTestMethods(TestInvoker.java:203)
	at org.testng.internal.invokers.TestMethodWorker.invokeTestMethods(TestMethodWorker.java:154)
	at org.testng.internal.invokers.TestMethodWorker.run(TestMethodWorker.java:134)
	at java.base/java.util.ArrayList.forEach(ArrayList.java:1597)
	at org.testng.TestRunner.privateRun(TestRunner.java:739)
	at org.testng.TestRunner.run(TestRunner.java:614)
	at org.testng.SuiteRunner.runTest(SuiteRunner.java:421)
	at org.testng.SuiteRunner$SuiteWorker.run(SuiteRunner.java:463)
	at org.testng.internal.thread.ThreadUtil.lambda$execute$0(ThreadUtil.java:64)
	at java.base/java.util.concurrent.FutureTask.run(FutureTask.java:317)
	at java.base/java.util.concurrent.ThreadPoolExecutor.runWorker(ThreadPoolExecutor.java:1144)
	at java.base/java.util.concurrent.ThreadPoolExecutor$Worker.run(ThreadPoolExecutor.java:642)
	at java.base/java.lang.Thread.run(Thread.java:1570)
</pre></div></td>
<td>4</td>
<td>com.demoApp.testCases.BuyProductTest@770d3326</td></tr>
</table><p>
<table width='100%' border='1' class='invocation-passed'>
<tr><td colspan='4' align='center'><b>PASSED TESTS</b></td></tr>
<tr><td><b>Test method</b></td>
<td><b>Attribute(s)</b></td>
<td width="30%"><b>Exception</b></td>
<td width="10%"><b>Time (seconds)</b></td>
<td><b>Instance</b></td>
</tr>
<tr>
<td title='com.demoApp.testCases.BuyProductTest.checkBillingAddressTest()'><b>checkBillingAddressTest</b><br>Test class: com.demoApp.testCases.BuyProductTest</td>
<td></td>
<td>1</td>
<td>com.demoApp.testCases.BuyProductTest@770d3326</td></tr>
<tr>
<td title='com.demoApp.testCases.BuyProductTest.findSearchedEntryProductTest()'><b>findSearchedEntryProductTest</b><br>Test class: com.demoApp.testCases.BuyProductTest</td>
<td></td>
<td>3</td>
<td>com.demoApp.testCases.BuyProductTest@770d3326</td></tr>
<tr>
<td title='com.demoApp.testCases.BuyProductTest.proceedToCheckoutTest()'><b>proceedToCheckoutTest</b><br>Test class: com.demoApp.testCases.BuyProductTest</td>
<td></td>
<td>6</td>
<td>com.demoApp.testCases.BuyProductTest@770d3326</td></tr>
<tr>
<td title='com.demoApp.testCases.BuyProductTest.checkOrderDetailsTest()'><b>checkOrderDetailsTest</b><br>Test class: com.demoApp.testCases.BuyProductTest</td>
<td></td>
<td>1</td>
<td>com.demoApp.testCases.BuyProductTest@770d3326</td></tr>
<tr>
<td title='com.demoApp.testCases.LoginPageTest.clickLoginInHomePageTest()'><b>clickLoginInHomePageTest</b><br>Test class: com.demoApp.testCases.LoginPageTest</td>
<td></td>
<td>3</td>
<td>com.demoApp.testCases.LoginPageTest@2abf4075</td></tr>
<tr>
<td title='com.demoApp.testCases.LoginPageTest.loginSuccessTest()'><b>loginSuccessTest</b><br>Test class: com.demoApp.testCases.LoginPageTest</td>
<td></td>
<td>5</td>
<td>com.demoApp.testCases.LoginPageTest@2abf4075</td></tr>
<tr>
<td title='com.demoApp.testCases.BuyProductTest.productAddToCartTest()'><b>productAddToCartTest</b><br>Test class: com.demoApp.testCases.BuyProductTest</td>
<td></td>
<td>3</td>
<td>com.demoApp.testCases.BuyProductTest@770d3326</td></tr>
<tr>
<td title='com.demoApp.testCases.BuyProductTest.searchProductTest()'><b>searchProductTest</b><br>Test class: com.demoApp.testCases.BuyProductTest</td>
<td></td>
<td>2</td>
<td>com.demoApp.testCases.BuyProductTest@770d3326</td></tr>
</table><p>
<table width='100%' border='1' class='invocation-skipped'>
<tr><td colspan='4' align='center'><b>SKIPPED TESTS</b></td></tr>
<tr><td><b>Test method</b></td>
<td><b>Attribute(s)</b></td>
<td width="30%"><b>Exception</b></td>
<td width="10%"><b>Time (seconds)</b></td>
<td><b>Instance</b></td>
</tr>
<tr>
<td title='com.demoApp.testCases.BuyProductTest.orderSuccessandReceiptTest()'><b>orderSuccessandReceiptTest</b><br>Test class: com.demoApp.testCases.BuyProductTest</td>
<td><div><pre>java.lang.Throwable: Method com.demoApp.testCases.BuyProductTest.orderSuccessandReceiptTest() on instance com.demoApp.testCases.BuyProductTest@770d3326 depends on not successfully finished methods 
[com.demoApp.testCases.LoginPageTest.loginSuccessTest() on instance com.demoApp.testCases.LoginPageTest@2abf4075
com.demoApp.testCases.BuyProductTest.checkOrderDetailsTest() on instance com.demoApp.testCases.BuyProductTest@770d3326
com.demoApp.testCases.BuyProductTest.placeOrderTest() on instance com.demoApp.testCases.BuyProductTest@770d3326]
	at java.base/java.util.ArrayList.forEach(ArrayList.java:1597)
	at java.base/java.util.concurrent.FutureTask.run(FutureTask.java:317)
	at java.base/java.util.concurrent.ThreadPoolExecutor.runWorker(ThreadPoolExecutor.java:1144)
	at java.base/java.util.concurrent.ThreadPoolExecutor$Worker.run(ThreadPoolExecutor.java:642)
	at java.base/java.lang.Thread.run(Thread.java:1570)
... Removed 8 stack frames</pre></div><a href='#' onClick='toggleBox("stack-trace2109448921", this, "Click to show all stack frames", "Click to hide stack frames")'>Click to show all stack frames</a>
<div class='stack-trace' id='stack-trace2109448921'><pre>java.lang.Throwable: Method com.demoApp.testCases.BuyProductTest.orderSuccessandReceiptTest() on instance com.demoApp.testCases.BuyProductTest@770d3326 depends on not successfully finished methods 
[com.demoApp.testCases.LoginPageTest.loginSuccessTest() on instance com.demoApp.testCases.LoginPageTest@2abf4075
com.demoApp.testCases.BuyProductTest.checkOrderDetailsTest() on instance com.demoApp.testCases.BuyProductTest@770d3326
com.demoApp.testCases.BuyProductTest.placeOrderTest() on instance com.demoApp.testCases.BuyProductTest@770d3326]
	at org.testng.internal.invokers.TestInvoker.invokeTestMethods(TestInvoker.java:159)
	at org.testng.internal.invokers.TestMethodWorker.invokeTestMethods(TestMethodWorker.java:154)
	at org.testng.internal.invokers.TestMethodWorker.run(TestMethodWorker.java:134)
	at java.base/java.util.ArrayList.forEach(ArrayList.java:1597)
	at org.testng.TestRunner.privateRun(TestRunner.java:739)
	at org.testng.TestRunner.run(TestRunner.java:614)
	at org.testng.SuiteRunner.runTest(SuiteRunner.java:421)
	at org.testng.SuiteRunner$SuiteWorker.run(SuiteRunner.java:463)
	at org.testng.internal.thread.ThreadUtil.lambda$execute$0(ThreadUtil.java:64)
	at java.base/java.util.concurrent.FutureTask.run(FutureTask.java:317)
	at java.base/java.util.concurrent.ThreadPoolExecutor.runWorker(ThreadPoolExecutor.java:1144)
	at java.base/java.util.concurrent.ThreadPoolExecutor$Worker.run(ThreadPoolExecutor.java:642)
	at java.base/java.lang.Thread.run(Thread.java:1570)
</pre></div></td>
<td>0</td>
<td>com.demoApp.testCases.BuyProductTest@770d3326</td></tr>
<tr>
<td title='com.demoApp.testCases.BuyProductTest.logoutTest()'><b>logoutTest</b><br>Test class: com.demoApp.testCases.BuyProductTest</td>
<td><div><pre>java.lang.Throwable: Method com.demoApp.testCases.BuyProductTest.logoutTest() on instance com.demoApp.testCases.BuyProductTest@770d3326 depends on not successfully finished methods 
[com.demoApp.testCases.LoginPageTest.loginSuccessTest() on instance com.demoApp.testCases.LoginPageTest@2abf4075
com.demoApp.testCases.BuyProductTest.orderSuccessandReceiptTest() on instance com.demoApp.testCases.BuyProductTest@770d3326
com.demoApp.testCases.BuyProductTest.checkOrderDetailsTest() on instance com.demoApp.testCases.BuyProductTest@770d3326
com.demoApp.testCases.BuyProductTest.placeOrderTest() on instance com.demoApp.testCases.BuyProductTest@770d3326]
	at java.base/java.util.ArrayList.forEach(ArrayList.java:1597)
	at java.base/java.util.concurrent.FutureTask.run(FutureTask.java:317)
	at java.base/java.util.concurrent.ThreadPoolExecutor.runWorker(ThreadPoolExecutor.java:1144)
	at java.base/java.util.concurrent.ThreadPoolExecutor$Worker.run(ThreadPoolExecutor.java:642)
	at java.base/java.lang.Thread.run(Thread.java:1570)
... Removed 8 stack frames</pre></div><a href='#' onClick='toggleBox("stack-trace1606192815", this, "Click to show all stack frames", "Click to hide stack frames")'>Click to show all stack frames</a>
<div class='stack-trace' id='stack-trace1606192815'><pre>java.lang.Throwable: Method com.demoApp.testCases.BuyProductTest.logoutTest() on instance com.demoApp.testCases.BuyProductTest@770d3326 depends on not successfully finished methods 
[com.demoApp.testCases.LoginPageTest.loginSuccessTest() on instance com.demoApp.testCases.LoginPageTest@2abf4075
com.demoApp.testCases.BuyProductTest.orderSuccessandReceiptTest() on instance com.demoApp.testCases.BuyProductTest@770d3326
com.demoApp.testCases.BuyProductTest.checkOrderDetailsTest() on instance com.demoApp.testCases.BuyProductTest@770d3326
com.demoApp.testCases.BuyProductTest.placeOrderTest() on instance com.demoApp.testCases.BuyProductTest@770d3326]
	at org.testng.internal.invokers.TestInvoker.invokeTestMethods(TestInvoker.java:159)
	at org.testng.internal.invokers.TestMethodWorker.invokeTestMethods(TestMethodWorker.java:154)
	at org.testng.internal.invokers.TestMethodWorker.run(TestMethodWorker.java:134)
	at java.base/java.util.ArrayList.forEach(ArrayList.java:1597)
	at org.testng.TestRunner.privateRun(TestRunner.java:739)
	at org.testng.TestRunner.run(TestRunner.java:614)
	at org.testng.SuiteRunner.runTest(SuiteRunner.java:421)
	at org.testng.SuiteRunner$SuiteWorker.run(SuiteRunner.java:463)
	at org.testng.internal.thread.ThreadUtil.lambda$execute$0(ThreadUtil.java:64)
	at java.base/java.util.concurrent.FutureTask.run(FutureTask.java:317)
	at java.base/java.util.concurrent.ThreadPoolExecutor.runWorker(ThreadPoolExecutor.java:1144)
	at java.base/java.util.concurrent.ThreadPoolExecutor$Worker.run(ThreadPoolExecutor.java:642)
	at java.base/java.lang.Thread.run(Thread.java:1570)
</pre></div></td>
<td>0</td>
<td>com.demoApp.testCases.BuyProductTest@770d3326</td></tr>
<tr>
<td title='com.demoApp.testCases.BuyProductTest.printOrderTest()'><b>printOrderTest</b><br>Test class: com.demoApp.testCases.BuyProductTest</td>
<td><div><pre>java.lang.Throwable: Method com.demoApp.testCases.BuyProductTest.printOrderTest() on instance com.demoApp.testCases.BuyProductTest@770d3326 depends on not successfully finished methods 
[com.demoApp.testCases.LoginPageTest.loginSuccessTest() on instance com.demoApp.testCases.LoginPageTest@2abf4075
com.demoApp.testCases.BuyProductTest.orderSuccessandReceiptTest() on instance com.demoApp.testCases.BuyProductTest@770d3326
com.demoApp.testCases.BuyProductTest.checkOrderDetailsTest() on instance com.demoApp.testCases.BuyProductTest@770d3326
com.demoApp.testCases.BuyProductTest.placeOrderTest() on instance com.demoApp.testCases.BuyProductTest@770d3326]
	at java.base/java.util.ArrayList.forEach(ArrayList.java:1597)
	at java.base/java.util.concurrent.FutureTask.run(FutureTask.java:317)
	at java.base/java.util.concurrent.ThreadPoolExecutor.runWorker(ThreadPoolExecutor.java:1144)
	at java.base/java.util.concurrent.ThreadPoolExecutor$Worker.run(ThreadPoolExecutor.java:642)
	at java.base/java.lang.Thread.run(Thread.java:1570)
... Removed 8 stack frames</pre></div><a href='#' onClick='toggleBox("stack-trace1199212789", this, "Click to show all stack frames", "Click to hide stack frames")'>Click to show all stack frames</a>
<div class='stack-trace' id='stack-trace1199212789'><pre>java.lang.Throwable: Method com.demoApp.testCases.BuyProductTest.printOrderTest() on instance com.demoApp.testCases.BuyProductTest@770d3326 depends on not successfully finished methods 
[com.demoApp.testCases.LoginPageTest.loginSuccessTest() on instance com.demoApp.testCases.LoginPageTest@2abf4075
com.demoApp.testCases.BuyProductTest.orderSuccessandReceiptTest() on instance com.demoApp.testCases.BuyProductTest@770d3326
com.demoApp.testCases.BuyProductTest.checkOrderDetailsTest() on instance com.demoApp.testCases.BuyProductTest@770d3326
com.demoApp.testCases.BuyProductTest.placeOrderTest() on instance com.demoApp.testCases.BuyProductTest@770d3326]
	at org.testng.internal.invokers.TestInvoker.invokeTestMethods(TestInvoker.java:159)
	at org.testng.internal.invokers.TestMethodWorker.invokeTestMethods(TestMethodWorker.java:154)
	at org.testng.internal.invokers.TestMethodWorker.run(TestMethodWorker.java:134)
	at java.base/java.util.ArrayList.forEach(ArrayList.java:1597)
	at org.testng.TestRunner.privateRun(TestRunner.java:739)
	at org.testng.TestRunner.run(TestRunner.java:614)
	at org.testng.SuiteRunner.runTest(SuiteRunner.java:421)
	at org.testng.SuiteRunner$SuiteWorker.run(SuiteRunner.java:463)
	at org.testng.internal.thread.ThreadUtil.lambda$execute$0(ThreadUtil.java:64)
	at java.base/java.util.concurrent.FutureTask.run(FutureTask.java:317)
	at java.base/java.util.concurrent.ThreadPoolExecutor.runWorker(ThreadPoolExecutor.java:1144)
	at java.base/java.util.concurrent.ThreadPoolExecutor$Worker.run(ThreadPoolExecutor.java:642)
	at java.base/java.lang.Thread.run(Thread.java:1570)
</pre></div></td>
<td>0</td>
<td>com.demoApp.testCases.BuyProductTest@770d3326</td></tr>
</table><p>
</body>
</html>